2024-11-18 15:37:43.395 [info] Added views:outline in workbench.view.explorer
2024-11-18 15:37:43.395 [info] Added views:workbench.view.search in workbench.view.search
2024-11-18 15:37:43.395 [info] Added views:workbench.scm in workbench.view.scm
2024-11-18 15:37:43.395 [info] Added views:workbench.panel.markers.view in workbench.panel.markers
2024-11-18 15:37:43.395 [info] Added views:workbench.panel.output in workbench.panel.output
2024-11-18 15:37:43.395 [info] Added views:terminal in terminal
2024-11-18 15:37:43.395 [info] Added views:timeline in workbench.view.explorer
2024-11-18 15:37:43.395 [info] Added views:workbench.explorer.emptyView in workbench.view.explorer
2024-11-18 15:37:43.545 [info] Added views:workbench.debug.variablesView,workbench.debug.watchExpressionsView,workbench.debug.callStackView,workbench.debug.breakPointsView in workbench.view.debug
2024-11-18 15:37:43.640 [info] Added views:~remote.forwardedPorts in ~remote.forwardedPortsContainer
2024-11-18 15:37:43.776 [info] Added views:workbench.panel.repl.view in workbench.panel.repl
2024-11-18 15:37:43.777 [info] Removed views:workbench.debug.breakPointsView,workbench.debug.callStackView,workbench.debug.watchExpressionsView,workbench.debug.variablesView from workbench.view.debug
2024-11-18 15:37:43.777 [info] Added views:workbench.debug.welcome in workbench.view.debug
2024-11-18 15:37:54.469 [info] Added views:outline in workbench.view.explorer
2024-11-18 15:37:54.469 [info] Added views:workbench.view.search in workbench.view.search
2024-11-18 15:37:54.469 [info] Added views:workbench.scm in workbench.view.scm
2024-11-18 15:37:54.469 [info] Added views:workbench.panel.markers.view in workbench.panel.markers
2024-11-18 15:37:54.469 [info] Added views:workbench.panel.output in workbench.panel.output
2024-11-18 15:37:54.469 [info] Added views:terminal in terminal
2024-11-18 15:37:54.469 [info] Added views:timeline in workbench.view.explorer
2024-11-18 15:37:54.469 [info] Added views:workbench.explorer.fileView in workbench.view.explorer
2024-11-18 15:37:54.506 [info] Added views:workbench.debug.variablesView,workbench.debug.watchExpressionsView,workbench.debug.callStackView,workbench.debug.breakPointsView in workbench.view.debug
2024-11-18 15:37:54.796 [info] Added views:workbench.panel.repl.view in workbench.panel.repl
2024-11-18 15:37:54.797 [info] Removed views:workbench.debug.breakPointsView,workbench.debug.callStackView,workbench.debug.watchExpressionsView,workbench.debug.variablesView from workbench.view.debug
2024-11-18 15:37:54.797 [info] Added views:workbench.debug.welcome in workbench.view.debug
2024-11-18 15:37:54.805 [info] Added views:~remote.forwardedPorts in ~remote.forwardedPortsContainer
2024-11-18 15:37:54.996 [info] Added views:workbench.scm.history in workbench.view.scm
2024-11-18 15:44:36.998 [info] Removed views:workbench.scm.history from workbench.view.scm
